2020-10-13T13:42:19+00:00 INFO Needs DB Update?
2020-10-13T13:42:19+00:00 INFO Current DB Version: 4.4.2
2020-10-13T13:42:19+00:00 INFO Database update require. Start updating database
2020-10-13T13:42:19+00:00 INFO Do Update....
2020-10-13T13:42:19+00:00 INFO Current IG ES DB Version: 4.4.2
2020-10-13T13:42:19+00:00 INFO [Queue] ig_es_update_449_create_tables
2020-10-13T13:42:19+00:00 INFO [Queue] ig_es_update_449_db_version
2020-10-13T13:42:19+00:00 INFO [Queue] ig_es_update_4410_load_templates
2020-10-13T13:42:19+00:00 INFO [Queue] ig_es_update_4410_db_version
2020-10-13T13:42:19+00:00 INFO [Queue] ig_es_update_450_alter_actions_table
2020-10-13T13:42:19+00:00 INFO [Queue] ig_es_update_450_db_version
2020-10-13T13:42:19+00:00 INFO [Queue] ig_es_update_457_alter_list_table
2020-10-13T13:42:19+00:00 INFO [Queue] ig_es_update_457_add_list_hash
2020-10-13T13:42:19+00:00 INFO [Queue] ig_es_update_457_db_version
2020-10-13T13:42:19+00:00 INFO Yes, we have tasks to process
2020-10-13T13:42:19+00:00 INFO --------------------- Started To Run Task Again---------------------
2020-10-13T13:42:19+00:00 INFO [Processing] ig_es_update_449_create_tables
2020-10-13T13:42:19+00:00 INFO --- Running Task - ig_es_update_449_create_tables
2020-10-13T13:42:20+00:00 INFO --- Finished Task - ig_es_update_449_create_tables 
2020-10-13T13:42:20+00:00 INFO [Processed] ig_es_update_449_create_tables
2020-10-13T13:42:20+00:00 INFO [Processing] ig_es_update_449_db_version
2020-10-13T13:42:20+00:00 INFO --- Running Task - ig_es_update_449_db_version
2020-10-13T13:42:20+00:00 INFO --- Finished Task - ig_es_update_449_db_version 
2020-10-13T13:42:20+00:00 INFO [Processed] ig_es_update_449_db_version
2020-10-13T13:42:20+00:00 INFO [Processing] ig_es_update_4410_load_templates
2020-10-13T13:42:20+00:00 INFO --- Running Task - ig_es_update_4410_load_templates
2020-10-13T13:42:20+00:00 INFO --- Finished Task - ig_es_update_4410_load_templates 
2020-10-13T13:42:20+00:00 INFO [Processed] ig_es_update_4410_load_templates
2020-10-13T13:42:20+00:00 INFO [Processing] ig_es_update_4410_db_version
2020-10-13T13:42:20+00:00 INFO --- Running Task - ig_es_update_4410_db_version
2020-10-13T13:42:20+00:00 INFO --- Finished Task - ig_es_update_4410_db_version 
2020-10-13T13:42:20+00:00 INFO [Processed] ig_es_update_4410_db_version
2020-10-13T13:42:20+00:00 INFO [Processing] ig_es_update_450_alter_actions_table
2020-10-13T13:42:20+00:00 INFO --- Running Task - ig_es_update_450_alter_actions_table
2020-10-13T13:42:20+00:00 INFO --- Finished Task - ig_es_update_450_alter_actions_table 
2020-10-13T13:42:20+00:00 INFO [Processed] ig_es_update_450_alter_actions_table
2020-10-13T13:42:20+00:00 INFO [Processing] ig_es_update_450_db_version
2020-10-13T13:42:20+00:00 INFO --- Running Task - ig_es_update_450_db_version
2020-10-13T13:42:20+00:00 INFO --- Finished Task - ig_es_update_450_db_version 
2020-10-13T13:42:20+00:00 INFO [Processed] ig_es_update_450_db_version
2020-10-13T13:42:20+00:00 INFO [Processing] ig_es_update_457_alter_list_table
2020-10-13T13:42:20+00:00 INFO --- Running Task - ig_es_update_457_alter_list_table
2020-10-13T13:42:20+00:00 INFO --- Finished Task - ig_es_update_457_alter_list_table 
2020-10-13T13:42:20+00:00 INFO [Processed] ig_es_update_457_alter_list_table
2020-10-13T13:42:20+00:00 INFO [Processing] ig_es_update_457_add_list_hash
2020-10-13T13:42:20+00:00 INFO --- Running Task - ig_es_update_457_add_list_hash
2020-10-13T13:42:20+00:00 INFO --- Finished Task - ig_es_update_457_add_list_hash 
2020-10-13T13:42:20+00:00 INFO [Processed] ig_es_update_457_add_list_hash
2020-10-13T13:42:20+00:00 INFO [Processing] ig_es_update_457_db_version
2020-10-13T13:42:20+00:00 INFO --- Running Task - ig_es_update_457_db_version
2020-10-13T13:42:20+00:00 INFO --- Finished Task - ig_es_update_457_db_version 
2020-10-13T13:42:20+00:00 INFO [Processed] ig_es_update_457_db_version
